# JRE version: OpenJDK Runtime Environment (8.0_242-b01) (build 1.8.0_242-release-1644-b01)
# Java VM: OpenJDK 64-Bit Server VM (25.242-b01 mixed mode windows-amd64 compressed oops)
Heap:
 PSYoungGen      total 611840K, used 109825K [0x00000000d5580000, 0x00000000fcc00000, 0x0000000100000000)
  eden space 578048K, 15% used [0x00000000d5580000,0x00000000daedb810,0x00000000f8a00000)
  from space 33792K, 54% used [0x00000000f8a00000,0x00000000f9be4cc0,0x00000000fab00000)
  to   space 23552K, 0% used [0x00000000fb500000,0x00000000fb500000,0x00000000fcc00000)
 ParOldGen       total 106496K, used 79971K [0x0000000080000000, 0x0000000086800000, 0x00000000d5580000)
  object space 106496K, 75% used [0x0000000080000000,0x0000000084e18f88,0x0000000086800000)
 Metaspace       used 117768K, capacity 125088K, committed 125360K, reserved 1159168K
  class space    used 15065K, capacity 16487K, committed 16560K, reserved 1048576K
GC Heap History (10 events):
Event: 1555.372 GC heap before
{Heap before GC invocations=21 (full 4):
 PSYoungGen      total 435200K, used 419840K [0x00000000d5580000, 0x00000000f2880000, 0x0000000100000000)
  eden space 419840K, 100% used [0x00000000d5580000,0x00000000eef80000,0x00000000eef80000)
  from space 15360K, 0% used [0x00000000f1980000,0x00000000f1980000,0x00000000f2880000)
  to   space 29184K, 0% used [0x00000000eef80000,0x00000000eef80000,0x00000000f0c00000)
 ParOldGen       total 106496K, used 51597K [0x0000000080000000, 0x0000000086800000, 0x00000000d5580000)
  object space 106496K, 48% used [0x0000000080000000,0x0000000083263440,0x0000000086800000)
 Metaspace       used 92143K, capacity 97976K, committed 98096K, reserved 1134592K
  class space    used 11911K, capacity 13073K, committed 13104K, reserved 1048576K
Event: 1558.102 GC heap after
Heap after GC invocations=21 (full 4):
 PSYoungGen      total 449024K, used 17702K [0x00000000d5580000, 0x00000000f6f00000, 0x0000000100000000)
  eden space 419840K, 0% used [0x00000000d5580000,0x00000000d5580000,0x00000000eef80000)
  from space 29184K, 60% used [0x00000000eef80000,0x00000000f00c9b48,0x00000000f0c00000)
  to   space 29696K, 0% used [0x00000000f5200000,0x00000000f5200000,0x00000000f6f00000)
 ParOldGen       total 106496K, used 51605K [0x0000000080000000, 0x0000000086800000, 0x00000000d5580000)
  object space 106496K, 48% used [0x0000000080000000,0x0000000083265440,0x0000000086800000)
 Metaspace       used 92143K, capacity 97976K, committed 98096K, reserved 1134592K
  class space    used 11911K, capacity 13073K, committed 13104K, reserved 1048576K
}
Event: 1603.176 GC heap before
{Heap before GC invocations=22 (full 4):
 PSYoungGen      total 449024K, used 437542K [0x00000000d5580000, 0x00000000f6f00000, 0x0000000100000000)
  eden space 419840K, 100% used [0x00000000d5580000,0x00000000eef80000,0x00000000eef80000)
  from space 29184K, 60% used [0x00000000eef80000,0x00000000f00c9b48,0x00000000f0c00000)
  to   space 29696K, 0% used [0x00000000f5200000,0x00000000f5200000,0x00000000f6f00000)
 ParOldGen       total 106496K, used 51605K [0x0000000080000000, 0x0000000086800000, 0x00000000d5580000)
  object space 106496K, 48% used [0x0000000080000000,0x0000000083265440,0x0000000086800000)
 Metaspace       used 101639K, capacity 108464K, committed 108720K, reserved 1142784K
  class space    used 13188K, capacity 14511K, committed 14512K, reserved 1048576K
Event: 1604.077 GC heap after
Heap after GC invocations=22 (full 4):
 PSYoungGen      total 514048K, used 29667K [0x00000000d5580000, 0x00000000f8480000, 0x0000000100000000)
  eden space 484352K, 0% used [0x00000000d5580000,0x00000000d5580000,0x00000000f2e80000)
  from space 29696K, 99% used [0x00000000f5200000,0x00000000f6ef8c78,0x00000000f6f00000)
  to   space 36352K, 0% used [0x00000000f2e80000,0x00000000f2e80000,0x00000000f5200000)
 ParOldGen       total 106496K, used 58177K [0x0000000080000000, 0x0000000086800000, 0x00000000d5580000)
  object space 106496K, 54% used [0x0000000080000000,0x00000000838d07f8,0x0000000086800000)
 Metaspace       used 101639K, capacity 108464K, committed 108720K, reserved 1142784K
  class space    used 13188K, capacity 14511K, committed 14512K, reserved 1048576K
}
Event: 1621.002 GC heap before
{Heap before GC invocations=23 (full 4):
 PSYoungGen      total 514048K, used 514019K [0x00000000d5580000, 0x00000000f8480000, 0x0000000100000000)
  eden space 484352K, 100% used [0x00000000d5580000,0x00000000f2e80000,0x00000000f2e80000)
  from space 29696K, 99% used [0x00000000f5200000,0x00000000f6ef8c78,0x00000000f6f00000)
  to   space 36352K, 0% used [0x00000000f2e80000,0x00000000f2e80000,0x00000000f5200000)
 ParOldGen       total 106496K, used 58177K [0x0000000080000000, 0x0000000086800000, 0x00000000d5580000)
  object space 106496K, 54% used [0x0000000080000000,0x00000000838d07f8,0x0000000086800000)
 Metaspace       used 101856K, capacity 108732K, committed 108848K, reserved 1142784K
  class space    used 13203K, capacity 14547K, committed 14640K, reserved 1048576K
Event: 1621.446 GC heap after
Heap after GC invocations=23 (full 4):
 PSYoungGen      total 520704K, used 14668K [0x00000000d5580000, 0x00000000fd680000, 0x0000000100000000)
  eden space 484352K, 0% used [0x00000000d5580000,0x00000000d5580000,0x00000000f2e80000)
  from space 36352K, 40% used [0x00000000f2e80000,0x00000000f3cd30f0,0x00000000f5200000)
  to   space 34304K, 0% used [0x00000000fb500000,0x00000000fb500000,0x00000000fd680000)
 ParOldGen       total 106496K, used 70875K [0x0000000080000000, 0x0000000086800000, 0x00000000d5580000)
  object space 106496K, 66% used [0x0000000080000000,0x0000000084536e98,0x0000000086800000)
 Metaspace       used 101856K, capacity 108732K, committed 108848K, reserved 1142784K
  class space    used 13203K, capacity 14547K, committed 14640K, reserved 1048576K
}
Event: 1652.731 GC heap before
{Heap before GC invocations=24 (full 4):
 PSYoungGen      total 520704K, used 499020K [0x00000000d5580000, 0x00000000fd680000, 0x0000000100000000)
  eden space 484352K, 100% used [0x00000000d5580000,0x00000000f2e80000,0x00000000f2e80000)
  from space 36352K, 40% used [0x00000000f2e80000,0x00000000f3cd30f0,0x00000000f5200000)
  to   space 34304K, 0% used [0x00000000fb500000,0x00000000fb500000,0x00000000fd680000)
 ParOldGen       total 106496K, used 70875K [0x0000000080000000, 0x0000000086800000, 0x00000000d5580000)
  object space 106496K, 66% used [0x0000000080000000,0x0000000084536e98,0x0000000086800000)
 Metaspace       used 106318K, capacity 113320K, committed 113456K, reserved 1146880K
  class space    used 13748K, capacity 15107K, committed 15152K, reserved 1048576K
Event: 1652.862 GC heap after
Heap after GC invocations=24 (full 4):
 PSYoungGen      total 601600K, used 9089K [0x00000000d5580000, 0x00000000fcc00000, 0x0000000100000000)
  eden space 578048K, 0% used [0x00000000d5580000,0x00000000d5580000,0x00000000f8a00000)
  from space 23552K, 38% used [0x00000000fb500000,0x00000000fbde0638,0x00000000fcc00000)
  to   space 33792K, 0% used [0x00000000f8a00000,0x00000000f8a00000,0x00000000fab00000)
 ParOldGen       total 106496K, used 75485K [0x0000000080000000, 0x0000000086800000, 0x00000000d5580000)
  object space 106496K, 70% used [0x0000000080000000,0x00000000849b7508,0x0000000086800000)
 Metaspace       used 106318K, capacity 113320K, committed 113456K, reserved 1146880K
  class space    used 13748K, capacity 15107K, committed 15152K, reserved 1048576K
}
Event: 1705.166 GC heap before
{Heap before GC invocations=25 (full 4):
 PSYoungGen      total 601600K, used 587137K [0x00000000d5580000, 0x00000000fcc00000, 0x0000000100000000)
  eden space 578048K, 100% used [0x00000000d5580000,0x00000000f8a00000,0x00000000f8a00000)
  from space 23552K, 38% used [0x00000000fb500000,0x00000000fbde0638,0x00000000fcc00000)
  to   space 33792K, 0% used [0x00000000f8a00000,0x00000000f8a00000,0x00000000fab00000)
 ParOldGen       total 106496K, used 75485K [0x0000000080000000, 0x0000000086800000, 0x00000000d5580000)
  object space 106496K, 70% used [0x0000000080000000,0x00000000849b7508,0x0000000086800000)
 Metaspace       used 117413K, capacity 124744K, committed 125104K, reserved 1157120K
  class space    used 15022K, capacity 16435K, committed 16560K, reserved 1048576K
Event: 1705.737 GC heap after
Heap after GC invocations=25 (full 4):
 PSYoungGen      total 611840K, used 18323K [0x00000000d5580000, 0x00000000fcc00000, 0x0000000100000000)
  eden space 578048K, 0% used [0x00000000d5580000,0x00000000d5580000,0x00000000f8a00000)
  from space 33792K, 54% used [0x00000000f8a00000,0x00000000f9be4cc0,0x00000000fab00000)
  to   space 23552K, 0% used [0x00000000fb500000,0x00000000fb500000,0x00000000fcc00000)
 ParOldGen       total 106496K, used 79971K [0x0000000080000000, 0x0000000086800000, 0x00000000d5580000)
  object space 106496K, 75% used [0x0000000080000000,0x0000000084e18f88,0x0000000086800000)
 Metaspace       used 117413K, capacity 124744K, committed 125104K, reserved 1157120K
  class space    used 15022K, capacity 16435K, committed 16560K, reserved 1048576K
}

