# JRE version: OpenJDK Runtime Environment (8.0_242-b01) (build 1.8.0_242-release-1644-b01)
# Java VM: OpenJDK 64-Bit Server VM (25.242-b01 mixed mode windows-amd64 compressed oops)
Heap:
 PSYoungGen      total 274944K, used 96254K [0x00000000d5580000, 0x00000000e7580000, 0x0000000100000000)
  eden space 259072K, 37% used [0x00000000d5580000,0x00000000db37fa40,0x00000000e5280000)
  from space 15872K, 0% used [0x00000000e6600000,0x00000000e6600000,0x00000000e7580000)
  to   space 17920K, 0% used [0x00000000e5280000,0x00000000e5280000,0x00000000e6400000)
 ParOldGen       total 80384K, used 33452K [0x0000000080000000, 0x0000000084e80000, 0x00000000d5580000)
  object space 80384K, 41% used [0x0000000080000000,0x00000000820ab258,0x0000000084e80000)
 Metaspace       used 60892K, capacity 62934K, committed 63000K, reserved 1103872K
  class space    used 8205K, capacity 8674K, committed 8728K, reserved 1048576K
GC Heap History (10 events):
Event: 42.927 GC heap before
{Heap before GC invocations=11 (full 1):
 PSYoungGen      total 138240K, used 56693K [0x00000000d5580000, 0x00000000e2800000, 0x0000000100000000)
  eden space 129024K, 36% used [0x00000000d5580000,0x00000000d83e3940,0x00000000dd380000)
  from space 9216K, 99% used [0x00000000dd380000,0x00000000ddc79e40,0x00000000ddc80000)
  to   space 12288K, 0% used [0x00000000e1c00000,0x00000000e1c00000,0x00000000e2800000)
 ParOldGen       total 30720K, used 10743K [0x0000000080000000, 0x0000000081e00000, 0x00000000d5580000)
  object space 30720K, 34% used [0x0000000080000000,0x0000000080a7df08,0x0000000081e00000)
 Metaspace       used 34400K, capacity 35412K, committed 35496K, reserved 1079296K
  class space    used 4689K, capacity 4973K, committed 5032K, reserved 1048576K
Event: 42.987 GC heap after
Heap after GC invocations=11 (full 1):
 PSYoungGen      total 201216K, used 9969K [0x00000000d5580000, 0x00000000e2800000, 0x0000000100000000)
  eden space 188928K, 0% used [0x00000000d5580000,0x00000000d5580000,0x00000000e0e00000)
  from space 12288K, 81% used [0x00000000e1c00000,0x00000000e25bc488,0x00000000e2800000)
  to   space 13312K, 0% used [0x00000000e0e00000,0x00000000e0e00000,0x00000000e1b00000)
 ParOldGen       total 30720K, used 10751K [0x0000000080000000, 0x0000000081e00000, 0x00000000d5580000)
  object space 30720K, 34% used [0x0000000080000000,0x0000000080a7ff08,0x0000000081e00000)
 Metaspace       used 34400K, capacity 35412K, committed 35496K, reserved 1079296K
  class space    used 4689K, capacity 4973K, committed 5032K, reserved 1048576K
}
Event: 42.987 GC heap before
{Heap before GC invocations=12 (full 2):
 PSYoungGen      total 201216K, used 9969K [0x00000000d5580000, 0x00000000e2800000, 0x0000000100000000)
  eden space 188928K, 0% used [0x00000000d5580000,0x00000000d5580000,0x00000000e0e00000)
  from space 12288K, 81% used [0x00000000e1c00000,0x00000000e25bc488,0x00000000e2800000)
  to   space 13312K, 0% used [0x00000000e0e00000,0x00000000e0e00000,0x00000000e1b00000)
 ParOldGen       total 30720K, used 10751K [0x0000000080000000, 0x0000000081e00000, 0x00000000d5580000)
  object space 30720K, 34% used [0x0000000080000000,0x0000000080a7ff08,0x0000000081e00000)
 Metaspace       used 34400K, capacity 35412K, committed 35496K, reserved 1079296K
  class space    used 4689K, capacity 4973K, committed 5032K, reserved 1048576K
Event: 43.348 GC heap after
Heap after GC invocations=12 (full 2):
 PSYoungGen      total 201216K, used 0K [0x00000000d5580000, 0x00000000e2800000, 0x0000000100000000)
  eden space 188928K, 0% used [0x00000000d5580000,0x00000000d5580000,0x00000000e0e00000)
  from space 12288K, 0% used [0x00000000e1c00000,0x00000000e1c00000,0x00000000e2800000)
  to   space 13312K, 0% used [0x00000000e0e00000,0x00000000e0e00000,0x00000000e1b00000)
 ParOldGen       total 48640K, used 16907K [0x0000000080000000, 0x0000000082f80000, 0x00000000d5580000)
  object space 48640K, 34% used [0x0000000080000000,0x0000000081082f10,0x0000000082f80000)
 Metaspace       used 34400K, capacity 35412K, committed 35496K, reserved 1079296K
  class space    used 4689K, capacity 4973K, committed 5032K, reserved 1048576K
}
Event: 70.740 GC heap before
{Heap before GC invocations=13 (full 2):
 PSYoungGen      total 201216K, used 188928K [0x00000000d5580000, 0x00000000e2800000, 0x0000000100000000)
  eden space 188928K, 100% used [0x00000000d5580000,0x00000000e0e00000,0x00000000e0e00000)
  from space 12288K, 0% used [0x00000000e1c00000,0x00000000e1c00000,0x00000000e2800000)
  to   space 13312K, 0% used [0x00000000e0e00000,0x00000000e0e00000,0x00000000e1b00000)
 ParOldGen       total 48640K, used 16907K [0x0000000080000000, 0x0000000082f80000, 0x00000000d5580000)
  object space 48640K, 34% used [0x0000000080000000,0x0000000081082f10,0x0000000082f80000)
 Metaspace       used 49478K, capacity 51164K, committed 51368K, reserved 1093632K
  class space    used 6596K, capacity 6977K, committed 7080K, reserved 1048576K
Event: 71.475 GC heap after
Heap after GC invocations=13 (full 2):
 PSYoungGen      total 202240K, used 13299K [0x00000000d5580000, 0x00000000e7780000, 0x0000000100000000)
  eden space 188928K, 0% used [0x00000000d5580000,0x00000000d5580000,0x00000000e0e00000)
  from space 13312K, 99% used [0x00000000e0e00000,0x00000000e1afce90,0x00000000e1b00000)
  to   space 17920K, 0% used [0x00000000e6600000,0x00000000e6600000,0x00000000e7780000)
 ParOldGen       total 48640K, used 23983K [0x0000000080000000, 0x0000000082f80000, 0x00000000d5580000)
  object space 48640K, 49% used [0x0000000080000000,0x000000008176bdb0,0x0000000082f80000)
 Metaspace       used 49478K, capacity 51164K, committed 51368K, reserved 1093632K
  class space    used 6596K, capacity 6977K, committed 7080K, reserved 1048576K
}
Event: 89.168 GC heap before
{Heap before GC invocations=14 (full 2):
 PSYoungGen      total 202240K, used 91504K [0x00000000d5580000, 0x00000000e7780000, 0x0000000100000000)
  eden space 188928K, 41% used [0x00000000d5580000,0x00000000da1df3c8,0x00000000e0e00000)
  from space 13312K, 99% used [0x00000000e0e00000,0x00000000e1afce90,0x00000000e1b00000)
  to   space 17920K, 0% used [0x00000000e6600000,0x00000000e6600000,0x00000000e7780000)
 ParOldGen       total 48640K, used 23983K [0x0000000080000000, 0x0000000082f80000, 0x00000000d5580000)
  object space 48640K, 49% used [0x0000000080000000,0x000000008176bdb0,0x0000000082f80000)
 Metaspace       used 56894K, capacity 59062K, committed 59160K, reserved 1099776K
  class space    used 7634K, capacity 8137K, committed 8216K, reserved 1048576K
Event: 89.486 GC heap after
Heap after GC invocations=14 (full 2):
 PSYoungGen      total 274944K, used 10166K [0x00000000d5580000, 0x00000000e7580000, 0x0000000100000000)
  eden space 259072K, 0% used [0x00000000d5580000,0x00000000d5580000,0x00000000e5280000)
  from space 15872K, 64% used [0x00000000e6600000,0x00000000e6fed8a8,0x00000000e7580000)
  to   space 17920K, 0% used [0x00000000e5280000,0x00000000e5280000,0x00000000e6400000)
 ParOldGen       total 48640K, used 33659K [0x0000000080000000, 0x0000000082f80000, 0x00000000d5580000)
  object space 48640K, 69% used [0x0000000080000000,0x00000000820deee0,0x0000000082f80000)
 Metaspace       used 56894K, capacity 59062K, committed 59160K, reserved 1099776K
  class space    used 7634K, capacity 8137K, committed 8216K, reserved 1048576K
}
Event: 89.486 GC heap before
{Heap before GC invocations=15 (full 3):
 PSYoungGen      total 274944K, used 10166K [0x00000000d5580000, 0x00000000e7580000, 0x0000000100000000)
  eden space 259072K, 0% used [0x00000000d5580000,0x00000000d5580000,0x00000000e5280000)
  from space 15872K, 64% used [0x00000000e6600000,0x00000000e6fed8a8,0x00000000e7580000)
  to   space 17920K, 0% used [0x00000000e5280000,0x00000000e5280000,0x00000000e6400000)
 ParOldGen       total 48640K, used 33659K [0x0000000080000000, 0x0000000082f80000, 0x00000000d5580000)
  object space 48640K, 69% used [0x0000000080000000,0x00000000820deee0,0x0000000082f80000)
 Metaspace       used 56894K, capacity 59062K, committed 59160K, reserved 1099776K
  class space    used 7634K, capacity 8137K, committed 8216K, reserved 1048576K
Event: 94.231 GC heap after
Heap after GC invocations=15 (full 3):
 PSYoungGen      total 274944K, used 0K [0x00000000d5580000, 0x00000000e7580000, 0x0000000100000000)
  eden space 259072K, 0% used [0x00000000d5580000,0x00000000d5580000,0x00000000e5280000)
  from space 15872K, 0% used [0x00000000e6600000,0x00000000e6600000,0x00000000e7580000)
  to   space 17920K, 0% used [0x00000000e5280000,0x00000000e5280000,0x00000000e6400000)
 ParOldGen       total 80384K, used 33452K [0x0000000080000000, 0x0000000084e80000, 0x00000000d5580000)
  object space 80384K, 41% used [0x0000000080000000,0x00000000820ab258,0x0000000084e80000)
 Metaspace       used 56859K, capacity 58944K, committed 59160K, reserved 1099776K
  class space    used 7624K, capacity 8124K, committed 8216K, reserved 1048576K
}

